<?xml version="1.0" encoding="UTF-8"?>
<!-- Generated by org.testng.reporters.JUnitReportReporter -->
<testsuite hostname="Kalyanis-MacBook-Air.local" failures="0" tests="1" name="testCases.AccountRegistrationPageTest" time="8.109" errors="0" timestamp="2024-01-03T11:14:44 IST" skipped="0">
  <testcase classname="testCases.AccountRegistrationPageTest" name="AccountRegistrationTest" time="8.109"/>
  <system-out/>
</testsuite> <!-- testCases.AccountRegistrationPageTest -->
