<?xml version="1.0" encoding="UTF-8"?>
<!-- Generated by org.testng.reporters.JUnitReportReporter -->
<testsuite hostname="Kalyanis-MacBook-Air.local" failures="0" tests="1" name="testCases.LoginPageTest" time="6.051" errors="0" timestamp="2024-01-03T11:46:56 IST" skipped="0">
  <testcase classname="testCases.LoginPageTest" name="loginUserTest" time="6.051"/>
  <system-out/>
</testsuite> <!-- testCases.LoginPageTest -->
